3737337373
3737373737
5858558585
5858585858
167167
168168
169169
170170
171171
171717
172172
173173
174174
175175
176176
177177
178178
179179
180180
181181
181818
182182
183183
184184
185185
186186
187187
188188
189189
190190
191191
191919
192192
193193
194194
195195
196196
197197
198198
199199
200200
201201
202020
202202
203203
204204
205205
206206
207207
208208
209209
210210
211211
212121
212212
213213
214214
215215
216216
217217
218218
219219
220220
221221
222222
223223
224224
225225
226226
227227
228228
229229
230230
231231
232232
232323
233233
234234
235235
236236
15331533
15341534
15351535
15361536
15371537
15381538
15391539
15401540
15411541
15421542
754754
755755
756756
757575
757757
758758
759759
760760
761761
762762
763763
764764
765765
766766
767676
767767
768768
769769
770770
771771
772772
773773
774774
775775
776776
777777
778778
779779
780780
781781
782782
783783
784784
785785
786786
787787
787878
788788
789789
790790
791791
792792
793793
794794
795795
796796
797797
797979
798798
799799
800800
11
2222222
33
44
73637363
73647364
73657365
73667366
73677367
73687368
73697369
73707370
73717371
73727372
73737373
73737373
73747374
73757375
73767376
73777377
73787378
73797379
73807380
73817381
73827382
73837383
73847384
73857385
73867386
9226892268
7373
7474
7575
7676
7777
7878
7979
8080
8181
8282
8383
8484
8585
8686
8787
8888
8989
9090
9191
9292
9393
9494
9595
9696
9797
9898
9999
11111
22222
555555
556556
557557
558558
559559
560560
561561
562562
563563
564564
565565
565656
566566
567567
568568
569569
570570
571571
572572
573573
574574
575575
575757
576576
577577
578578
579579
580580
581581
582582
583583
584584
585585
585858
586586
587587
588588
589589
590590
7777777777
1111
1212
1313
1414
1515
1616
1717
1818
1919
2020
2121
2222
2323
2424
81508150
81518151
81528152
81538153
81548154
81558155
81568156
81578157
81588158
81598159
81608160
81618161
2626
2727
2828
2929
3030
3131
3232
3333
3434
3535
3636
3737
3838
3939
4040
4141
4242
4343
4444
4545
4646
4747
4848
4949
5050
5151
5252
5353
5454
5555
5656
5757
5858
5959
6060
6161
8888888
979979979
55
66
77
88
99
111
110110
111111
112112
113113
114114
115115
116116
117117
118118
119119
120120
121121
121212
122122
123123
124124
125125
126126
127127
128128
129129
130130
131131
131313
132132
133133
134134
135135
136136
137137
138138
139139
140140
141141
141414
142142
143143
144144
145145
146146
147147
148148
149149
150150
151151
151515
152152
153153
154154
155155
156156
157157
158158
159159
160160
161161
161616
53515351
53525352
53535353
53535353
53545354
53555355
53565356
53575357
53585358
53595359
53605360
53615361
53625362
53635363
53645364
53655365
53665366
53675367
53685368
53695369
362362
363363
363636
364364
365365
366366
367367
368368
369369
370370
371371
372372
373373
373737
374374
375375
376376
377377
378378
379379
380380
381381
382382
383383
383838
384384
385385
386386
387387
388388
389389
390390
391391
392392
393393
393939
394394
395395
396396
397397
398398
399399
400400
401401
402402
403403
404040
404404
405405
406406
407407
408408
409409
410410
411411
412412
413413
414141
414414
415415
416416
417417
418418
419419
420420
421421
422422
423423
424242
424424
425425
426426
427427
428428
429429
430430
431431
432432
433433
434343
434434
435435
436436
437437
438438
439439
440440
441441
442442
443443
444444
445445
446446
447447
448448
449449
450450
451451
452452
453453
454454
454545
455455
456456
457457
458458
459459
460460
461461
462462
463463
464464
464646
465465
466466
467467
468468
469469
470470
471471
472472
473473
474474
474747
475475
476476
477477
478478
479479
480480
481481
482482
483483
484484
484848
485485
486486
487487
488488
489489
490490
491491
492492
493493
494494
494949
495495
496496
497497
498498
499499
500500
501501
502502
503503
504504
505050
505505
506506
507507
508508
222
625625
626262
626626
627627
628628
629629
630630
631631
632632
633633
634634
635635
636363
636636
637637
638638
639639
640640
641641
642642
643643
644644
645645
646464
646646
647647
648648
649649
650650
651651
652652
653653
654654
655655
656565
656656
657657
658658
659659
660660
661661
662662
663663
664664
665665
666666
667667
668668
669669
670670
671671
672672
673673
674674
675675
676676
676767
677677
678678
679679
680680
7715777157
33333
44444
55555
3333333
555
666
777
888
979797
979979
980980
981981
982982
983983
984984
985985
986986
987987
988988
989898
989989
990990
991991
992992
993993
994994
995995
996996
997997
998998
999999
[Part 1] Sum of all numbers with duplicate mirrored digits: 38437576669
[Part 2] Sum of all number with multiple duplicate digits: 49173423480
